<?xml version="1.0" encoding="UTF-8"?>
<testsuite xmlns:xsi="http://www.w3.org/2001/XMLSchema-instance" xsi:noNamespaceSchemaLocation="https://maven.apache.org/surefire/maven-surefire-plugin/xsd/surefire-test-report-3.0.xsd" version="3.0" name="com.backend.appointment.appointment_app.AppointmentAppApplicationTests" time="33.859" tests="1" errors="0" skipped="0" failures="0">
  <properties>
[...]
</properties>
  <testcase name="contextLoads" classname="com.backend.appointment.appointment_app.AppointmentAppApplicationTests" time="1.45">
    <system-out><![CDATA[16:53:01.535 [main] INFO org.springframework.test.context.support.AnnotationConfigContextLoaderUtils -- Could not detect default configuration classes for test class [com.backend.appointment.appointment_app.AppointmentAppApplicationTests]: AppointmentAppApplicationTests does not declare any static, non-private, non-final, nested classes annotated with @Configuration.
16:53:02.417 [main] INFO org.springframework.boot.test.context.SpringBootTestContextBootstrapper -- Found @SpringBootConfiguration com.backend.appointment.appointment_app.AppointmentAppApplication for test class com.backend.appointment.appointment_app.AppointmentAppApplicationTests
16:53:03.865 [main] INFO org.springframework.boot.devtools.restart.RestartApplicationListener -- Restart disabled due to context in which it is running
  ___      .______   .______     ______    __  .__   __. .___________..___  ___.  _______ .__   __. .___________.        ___      .______   .______   
    /   \     |   _  \  |   _  \   /  __  \  |  | |  \ |  | |           ||   \/   | |   ____||  \ |  | |           |       /   \     |   _  \  |   _  \  
   /  ^  \    |  |_)  | |  |_)  | |  |  |  | |  | |   \|  | `---|  |----`|  \  /  | |  |__   |   \|  | `---|  |----`      /  ^  \    |  |_)  | |  |_)  | 
  /  /_\  \   |   ___/  |   ___/  |  |  |  | |  | |  . `  |     |  |     |  |\/|  | |   __|  |  . `  |     |  |          /  /_\  \   |   ___/  |   ___/  
 /  _____  \  |  |      |  |      |  `--'  | |  | |  |\   |     |  |     |  |  |  | |  |____ |  |\   |     |  |         /  _____  \  |  |      |  |      
/__/     \__\ | _|      | _|       \______/  |__| |__| \__|     |__|     |__|  |__| |_______||__| \__|     |__|        /__/     \__\ | _|      | _|      
2024-11-21T16:53:06.157Z  INFO 8148 --- [demo] [           main] c.b.a.a.AppointmentAppApplicationTests   : Starting AppointmentAppApplicationTests using Java 21.0.4 with PID 8148 (started by vscode in /workspaces/backend-appointment-app/appointment-app)
2024-11-21T16:53:06.166Z  INFO 8148 --- [demo] [           main] c.b.a.a.AppointmentAppApplicationTests   : The following 1 profile is active: "test"
2024-11-21T16:53:10.787Z  INFO 8148 --- [demo] [           main] .s.d.r.c.RepositoryConfigurationDelegate : Bootstrapping Spring Data JPA repositories in DEFAULT mode.
2024-11-21T16:53:11.830Z  INFO 8148 --- [demo] [           main] .s.d.r.c.RepositoryConfigurationDelegate : Finished Spring Data repository scanning in 1008 ms. Found 4 JPA repository interfaces.
2024-11-21T16:53:14.386Z  INFO 8148 --- [demo] [           main] com.zaxxer.hikari.HikariDataSource       : HikariPool-1 - Starting...
2024-11-21T16:53:15.819Z  INFO 8148 --- [demo] [           main] com.zaxxer.hikari.pool.HikariPool        : HikariPool-1 - Added connection com.mysql.cj.jdbc.ConnectionImpl@245cb8df
2024-11-21T16:53:15.830Z  INFO 8148 --- [demo] [           main] com.zaxxer.hikari.HikariDataSource       : HikariPool-1 - Start completed.
2024-11-21T16:53:16.045Z  INFO 8148 --- [demo] [           main] o.hibernate.jpa.internal.util.LogHelper  : HHH000204: Processing PersistenceUnitInfo [name: default]
2024-11-21T16:53:16.648Z  INFO 8148 --- [demo] [           main] org.hibernate.Version                    : HHH000412: Hibernate ORM core version 6.5.3.Final
2024-11-21T16:53:16.940Z  INFO 8148 --- [demo] [           main] o.h.c.internal.RegionFactoryInitiator    : HHH000026: Second-level cache disabled
2024-11-21T16:53:19.501Z  INFO 8148 --- [demo] [           main] o.s.o.j.p.SpringPersistenceUnitInfo      : No LoadTimeWeaver setup: ignoring JPA class transformer
2024-11-21T16:53:21.840Z  WARN 8148 --- [demo] [           main] o.h.boot.model.internal.EntityBinder     : HHH000457: Joined inheritance hierarchy [com.backend.appointment.appointment_app.entity.Person] defined explicit @DiscriminatorColumn.  Legacy Hibernate behavior was to ignore the @DiscriminatorColumn.  However, as part of issue HHH-6911 we now apply the explicit @DiscriminatorColumn.  If you would prefer the legacy behavior, enable the `hibernate.discriminator.ignore_explicit_for_joined` setting (hibernate.discriminator.ignore_explicit_for_joined=true)
2024-11-21T16:53:27.558Z  INFO 8148 --- [demo] [           main] o.h.e.t.j.p.i.JtaPlatformInitiator       : HHH000489: No JTA platform available (set 'hibernate.transaction.jta.platform' to enable JTA platform integration)
2024-11-21T16:53:28.031Z  INFO 8148 --- [demo] [           main] j.LocalContainerEntityManagerFactoryBean : Initialized JPA EntityManagerFactory for persistence unit 'default'
2024-11-21T16:53:30.579Z  WARN 8148 --- [demo] [           main] JpaBaseConfiguration$JpaWebConfiguration : spring.jpa.open-in-view is enabled by default. Therefore, database queries may be performed during view rendering. Explicitly configure spring.jpa.open-in-view to disable this warning
2024-11-21T16:53:32.813Z  INFO 8148 --- [demo] [           main] c.b.a.a.AppointmentAppApplicationTests   : Started AppointmentAppApplicationTests in 29.144 seconds (process running for 33.989)
]]></system-out>
    <system-err><![CDATA[WARNING: A Java agent has been loaded dynamically (/home/vscode/.m2/repository/net/bytebuddy/byte-buddy-agent/1.14.19/byte-buddy-agent-1.14.19.jar)
WARNING: If a serviceability tool is in use, please run with -XX:+EnableDynamicAgentLoading to hide this warning
WARNING: If a serviceability tool is not in use, please run with -Djdk.instrument.traceUsage for more information
WARNING: Dynamic loading of agents will be disallowed by default in a future release
]]></system-err>
  </testcase>
</testsuite>